<?xml version="1.0" encoding="UTF-8"?>
<!-- Generated by org.testng.reporters.JUnitXMLReporter -->
<testsuite ignored="0" hostname="192.168.1.102" failures="0" tests="1" name="Test1" time="0.049" errors="0" timestamp="2023-02-04T21:43:48 TRT">
  <testcase classname="Pac.LuckyClass" name="@BeforeClass Setup" time="-1.675536228649E9">
    <failure type="org.testng.TestNGException" message="
Parameter &amp;apos;browser&amp;apos; is required by BeforeClass on method Setup but has not been marked @Optional or defined
in /Users/onurcelik/eclipse-workspace/OnurTestProject/report.xml">
      <![CDATA[org.testng.TestNGException: 
Parameter 'browser' is required by BeforeClass on method Setup but has not been marked @Optional or defined
in /Users/onurcelik/eclipse-workspace/OnurTestProject/report.xml
at java.base/java.util.ArrayList.forEach(ArrayList.java:1511)
... Removed 22 stack frames]]>
    </failure>
  </testcase> <!-- @BeforeClass Setup -->
  <testcase classname="Pac.LuckyClass" name="@BeforeMethod BeforeMethod" time="-1.675536228669E9">
    <skipped/>
  </testcase> <!-- @BeforeMethod BeforeMethod -->
  <testcase classname="Pac.LuckyClass" name="Test1" time="0.0">
    <skipped/>
  </testcase> <!-- Test1 -->
</testsuite> <!-- Test1 -->
